<?xml version="1.0" encoding="UTF-8"?>
<testsuite xmlns:xsi="http://www.w3.org/2001/XMLSchema-instance" xsi:noNamespaceSchemaLocation="https://maven.apache.org/surefire/maven-surefire-plugin/xsd/surefire-test-report.xsd" name="org.test.JavaCloudeApiDeveloper.AppTest" time="0.281" tests="1" errors="0" skipped="0" failures="0">
  <properties>
    <property name="awt.toolkit" value="sun.awt.X11.XToolkit"/>
    <property name="file.encoding.pkg" value="sun.io"/>
    <property name="java.specification.version" value="1.8"/>
    <property name="sun.cpu.isalist" value=""/>
    <property name="sun.jnu.encoding" value="UTF-8"/>
    <property name="java.class.path" value="/home/Emmanuel/Documents/workspace-spring-tool-suite-4-4.5.1.RELEASE/JavaCloudeApiDeveloper/target/test-classes:/home/Emmanuel/Documents/workspace-spring-tool-suite-4-4.5.1.RELEASE/JavaCloudeApiDeveloper/target/classes:/home/Emmanuel/.m2/repository/junit/junit/4.11/junit-4.11.jar:/home/Emmanuel/.m2/repository/org/hamcrest/hamcrest-core/1.3/hamcrest-core-1.3.jar:"/>
    <property name="java.vm.vendor" value="Oracle Corporation"/>
    <property name="sun.arch.data.model" value="64"/>
    <property name="java.vendor.url" value="http://java.oracle.com/"/>
    <property name="user.timezone" value=""/>
    <property name="java.vm.specification.version" value="1.8"/>
    <property name="os.name" value="Linux"/>
    <property name="user.country" value="US"/>
    <property name="sun.java.launcher" value="SUN_STANDARD"/>
    <property name="sun.boot.library.path" value="/usr/java/jdk1.8.0_191-amd64/jre/lib/amd64"/>
    <property name="sun.java.command" value="/home/Emmanuel/Documents/workspace-spring-tool-suite-4-4.5.1.RELEASE/JavaCloudeApiDeveloper/target/surefire/surefirebooter1347420034709293763.jar /home/Emmanuel/Documents/workspace-spring-tool-suite-4-4.5.1.RELEASE/JavaCloudeApiDeveloper/target/surefire 2020-03-07T13-55-34_295-jvmRun1 surefire7462937868503911387tmp surefire_07421945922870780675tmp"/>
    <property name="surefire.test.class.path" value="/home/Emmanuel/Documents/workspace-spring-tool-suite-4-4.5.1.RELEASE/JavaCloudeApiDeveloper/target/test-classes:/home/Emmanuel/Documents/workspace-spring-tool-suite-4-4.5.1.RELEASE/JavaCloudeApiDeveloper/target/classes:/home/Emmanuel/.m2/repository/junit/junit/4.11/junit-4.11.jar:/home/Emmanuel/.m2/repository/org/hamcrest/hamcrest-core/1.3/hamcrest-core-1.3.jar:"/>
    <property name="sun.cpu.endian" value="little"/>
    <property name="user.home" value="/home/Emmanuel"/>
    <property name="user.language" value="en"/>
    <property name="java.specification.vendor" value="Oracle Corporation"/>
    <property name="java.home" value="/usr/java/jdk1.8.0_191-amd64/jre"/>
    <property name="basedir" value="/home/Emmanuel/Documents/workspace-spring-tool-suite-4-4.5.1.RELEASE/JavaCloudeApiDeveloper"/>
    <property name="file.separator" value="/"/>
    <property name="line.separator" value="&#10;"/>
    <property name="java.vm.specification.vendor" value="Oracle Corporation"/>
    <property name="java.specification.name" value="Java Platform API Specification"/>
    <property name="java.awt.graphicsenv" value="sun.awt.X11GraphicsEnvironment"/>
    <property name="surefire.real.class.path" value="/home/Emmanuel/Documents/workspace-spring-tool-suite-4-4.5.1.RELEASE/JavaCloudeApiDeveloper/target/surefire/surefirebooter1347420034709293763.jar"/>
    <property name="sun.boot.class.path" value="/usr/java/jdk1.8.0_191-amd64/jre/lib/resources.jar:/usr/java/jdk1.8.0_191-amd64/jre/lib/rt.jar:/usr/java/jdk1.8.0_191-amd64/jre/lib/sunrsasign.jar:/usr/java/jdk1.8.0_191-amd64/jre/lib/jsse.jar:/usr/java/jdk1.8.0_191-amd64/jre/lib/jce.jar:/usr/java/jdk1.8.0_191-amd64/jre/lib/charsets.jar:/usr/java/jdk1.8.0_191-amd64/jre/lib/jfr.jar:/usr/java/jdk1.8.0_191-amd64/jre/classes"/>
    <property name="sun.management.compiler" value="HotSpot 64-Bit Tiered Compilers"/>
    <property name="java.runtime.version" value="1.8.0_191-b12"/>
    <property name="user.name" value="Emmanuel"/>
    <property name="path.separator" value=":"/>
    <property name="os.version" value="5.5.7-200.fc31.x86_64"/>
    <property name="java.endorsed.dirs" value="/usr/java/jdk1.8.0_191-amd64/jre/lib/endorsed"/>
    <property name="java.runtime.name" value="Java(TM) SE Runtime Environment"/>
    <property name="file.encoding" value="UTF-8"/>
    <property name="java.vm.name" value="Java HotSpot(TM) 64-Bit Server VM"/>
    <property name="localRepository" value="/home/Emmanuel/.m2/repository"/>
    <property name="java.vendor.url.bug" value="http://bugreport.sun.com/bugreport/"/>
    <property name="java.io.tmpdir" value="/tmp"/>
    <property name="java.version" value="1.8.0_191"/>
    <property name="user.dir" value="/home/Emmanuel/Documents/workspace-spring-tool-suite-4-4.5.1.RELEASE/JavaCloudeApiDeveloper"/>
    <property name="os.arch" value="amd64"/>
    <property name="java.vm.specification.name" value="Java Virtual Machine Specification"/>
    <property name="java.awt.printerjob" value="sun.print.PSPrinterJob"/>
    <property name="sun.os.patch.level" value="unknown"/>
    <property name="java.library.path" value="/usr/java/packages/lib/amd64:/usr/lib64:/lib64:/lib:/usr/lib"/>
    <property name="java.vm.info" value="mixed mode"/>
    <property name="java.vendor" value="Oracle Corporation"/>
    <property name="java.vm.version" value="25.191-b12"/>
    <property name="java.ext.dirs" value="/usr/java/jdk1.8.0_191-amd64/jre/lib/ext:/usr/java/packages/lib/ext"/>
    <property name="sun.io.unicode.encoding" value="UnicodeLittle"/>
    <property name="java.class.version" value="52.0"/>
  </properties>
  <testcase name="shouldAnswerWithTrue" classname="org.test.JavaCloudeApiDeveloper.AppTest" time="0.01"/>
</testsuite>